<?xml version="1.0" encoding="UTF-8"?>
<!-- Generated by org.testng.reporters.JUnitReportReporter -->
<testsuite skipped="0" hostname="SHREEYA-MALHAR" name="Com.TestONE.PracticeONE" tests="1" failures="0" timestamp="27 Nov 2017 15:01:41 GMT" time="3.767" errors="0">
  <testcase name="Logintest" time="3.767" classname="Com.TestONE.PracticeONE"/>
</testsuite> <!-- Com.TestONE.PracticeONE -->
