<?xml version="1.0" encoding="UTF-8"?>
<!-- Generated by org.testng.reporters.JUnitReportReporter -->
<testsuite skipped="0" hostname="SHREEYA-MALHAR" name="Com.TestONE.SOAP_REST" tests="2" failures="0" timestamp="26 Nov 2017 07:09:57 GMT" time="5.863" errors="0">
  <testcase name="rest" time="5.268" classname="Com.TestONE.SOAP_REST"/>
  <testcase name="soap" time="0.595" classname="Com.TestONE.SOAP_REST"/>
</testsuite> <!-- Com.TestONE.SOAP_REST -->
